build/app/intermediates/manifest_merge_blame_file/debug/manifest-merger-blame-debug-report.txt
1<?xml version="1.0" encoding="utf-8"?>
2<manifest xmlns:android="http://schemas.android.com/apk/res/android"
3    package="com.babushahi.punjabi"
4    android:versionCode="116"
5    android:versionName="2.4.6" >
6
7    <uses-sdk
8        android:minSdkVersion="21"
9        android:targetSdkVersion="35" />
10    <!--
11         The INTERNET permission is required for development. Specifically,
12         the Flutter tool needs it to communicate with the running application
13         to allow setting breakpoints, to provide hot reload, etc.
14    -->
15    <uses-permission android:name="android.permission.INTERNET" />
15-->src/main/AndroidManifest.xml:3:5-67
15-->src/main/AndroidManifest.xml:3:22-64
16    <uses-permission android:name="android.permission.WAKE_LOCK" />
16-->[:firebase_messaging] AndroidManifest.xml:10:5-68
16-->[:firebase_messaging] AndroidManifest.xml:10:22-65
17    <uses-permission android:name="android.permission.ACCESS_NETWORK_STATE" /> <!-- Permissions options for the `notification` group -->
17-->[:firebase_messaging] AndroidManifest.xml:11:5-79
17-->[:firebase_messaging] AndroidManifest.xml:11:22-76
18    <uses-permission android:name="android.permission.POST_NOTIFICATIONS" /> <!-- Required by older versions of Google Play services to create IID tokens -->
18-->[:firebase_messaging] AndroidManifest.xml:13:5-77
18-->[:firebase_messaging] AndroidManifest.xml:13:22-74
19    <uses-permission android:name="com.google.android.c2dm.permission.RECEIVE" />
19-->[com.google.firebase:firebase-messaging:24.1.0] AndroidManifest.xml:26:5-82
19-->[com.google.firebase:firebase-messaging:24.1.0] AndroidManifest.xml:26:22-79
20
21    <permission
21-->[androidx.core:core:1.13.1] AndroidManifest.xml:22:5-24:47
22        android:name="com.babushahi.punjabi.DYNAMIC_RECEIVER_NOT_EXPORTED_PERMISSION"
22-->[androidx.core:core:1.13.1] AndroidManifest.xml:23:9-81
23        android:protectionLevel="signature" />
23-->[androidx.core:core:1.13.1] AndroidManifest.xml:24:9-44
24
25    <uses-permission android:name="com.babushahi.punjabi.DYNAMIC_RECEIVER_NOT_EXPORTED_PERMISSION" />
25-->[androidx.core:core:1.13.1] AndroidManifest.xml:26:5-97
25-->[androidx.core:core:1.13.1] AndroidManifest.xml:26:22-94
26
27    <application
28        android:name="android.app.Application"
29        android:appComponentFactory="androidx.core.app.CoreComponentFactory"
29-->[androidx.core:core:1.13.1] AndroidManifest.xml:28:18-86
30        android:debuggable="true"
31        android:icon="@mipmap/launcher_icon"
32        android:label="ਬਾਬੂਸ਼ਾਹੀ" >
33        <activity
34            android:name="com.babushahi.punjabi.MainActivity"
35            android:configChanges="orientation|keyboardHidden|keyboard|screenSize|smallestScreenSize|locale|layoutDirection|fontScale|screenLayout|density|uiMode"
36            android:exported="true"
37            android:hardwareAccelerated="true"
38            android:launchMode="singleTop"
39            android:theme="@style/LaunchTheme"
40            android:windowSoftInputMode="adjustResize" >
41
42            <!--
43                 Specifies an Android theme to apply to this Activity as soon as
44                 the Android process has started. This theme is visible to the user
45                 while the Flutter UI initializes. After that, this theme continues
46                 to determine the Window background behind the Flutter UI.
47            -->
48            <meta-data
49                android:name="io.flutter.embedding.android.NormalTheme"
50                android:resource="@style/NormalTheme" />
51
52            <intent-filter>
53                <action android:name="android.intent.action.MAIN" />
54
55                <category android:name="android.intent.category.LAUNCHER" />
56            </intent-filter>
57            <!-- SQ JP - Notification Click Intent filter added below -->
58            <intent-filter>
59                <action android:name="FLUTTER_NOTIFICATION_CLICK" />
60
61                <category android:name="android.intent.category.DEFAULT" />
62            </intent-filter>
63        </activity>
64        <!--
65             Don't delete the meta-data below.
66             This is used by the Flutter tool to generate GeneratedPluginRegistrant.java
67        -->
68        <meta-data
69            android:name="flutterEmbedding"
70            android:value="2" />
71
72        <service
72-->[:firebase_messaging] AndroidManifest.xml:16:9-19:72
73            android:name="io.flutter.plugins.firebase.messaging.FlutterFirebaseMessagingBackgroundService"
73-->[:firebase_messaging] AndroidManifest.xml:17:13-107
74            android:exported="false"
74-->[:firebase_messaging] AndroidManifest.xml:18:13-37
75            android:permission="android.permission.BIND_JOB_SERVICE" />
75-->[:firebase_messaging] AndroidManifest.xml:19:13-69
76        <service
76-->[:firebase_messaging] AndroidManifest.xml:20:9-26:19
77            android:name="io.flutter.plugins.firebase.messaging.FlutterFirebaseMessagingService"
77-->[:firebase_messaging] AndroidManifest.xml:21:13-97
78            android:exported="false" >
78-->[:firebase_messaging] AndroidManifest.xml:22:13-37
79            <intent-filter>
79-->[:firebase_messaging] AndroidManifest.xml:23:13-25:29
80                <action android:name="com.google.firebase.MESSAGING_EVENT" />
80-->[:firebase_messaging] AndroidManifest.xml:24:17-78
80-->[:firebase_messaging] AndroidManifest.xml:24:25-75
81            </intent-filter>
82        </service>
83
84        <receiver
84-->[:firebase_messaging] AndroidManifest.xml:28:9-35:20
85            android:name="io.flutter.plugins.firebase.messaging.FlutterFirebaseMessagingReceiver"
85-->[:firebase_messaging] AndroidManifest.xml:29:13-98
86            android:exported="true"
86-->[:firebase_messaging] AndroidManifest.xml:30:13-36
87            android:permission="com.google.android.c2dm.permission.SEND" >
87-->[:firebase_messaging] AndroidManifest.xml:31:13-73
88            <intent-filter>
88-->[:firebase_messaging] AndroidManifest.xml:32:13-34:29
89                <action android:name="com.google.android.c2dm.intent.RECEIVE" />
89-->[:firebase_messaging] AndroidManifest.xml:33:17-81
89-->[:firebase_messaging] AndroidManifest.xml:33:25-78
90            </intent-filter>
91        </receiver>
92
93        <service
93-->[:firebase_messaging] AndroidManifest.xml:37:9-41:19
94            android:name="com.google.firebase.components.ComponentDiscoveryService"
94-->[:firebase_messaging] AndroidManifest.xml:37:18-89
95            android:directBootAware="true"
95-->[com.google.firebase:firebase-common:21.0.0] AndroidManifest.xml:32:13-43
96            android:exported="false" >
96-->[com.google.firebase:firebase-messaging:24.1.0] AndroidManifest.xml:56:13-37
97            <meta-data
97-->[:firebase_messaging] AndroidManifest.xml:38:13-40:85
98                android:name="com.google.firebase.components:io.flutter.plugins.firebase.messaging.FlutterFirebaseAppRegistrar"
98-->[:firebase_messaging] AndroidManifest.xml:39:17-128
99                android:value="com.google.firebase.components.ComponentRegistrar" />
99-->[:firebase_messaging] AndroidManifest.xml:40:17-82
100            <meta-data
100-->[:firebase_core] AndroidManifest.xml:11:13-13:85
101                android:name="com.google.firebase.components:io.flutter.plugins.firebase.core.FlutterFirebaseCoreRegistrar"
101-->[:firebase_core] AndroidManifest.xml:12:17-124
102                android:value="com.google.firebase.components.ComponentRegistrar" />
102-->[:firebase_core] AndroidManifest.xml:13:17-82
103            <meta-data
103-->[com.google.firebase:firebase-messaging:24.1.0] AndroidManifest.xml:57:13-59:85
104                android:name="com.google.firebase.components:com.google.firebase.messaging.FirebaseMessagingKtxRegistrar"
104-->[com.google.firebase:firebase-messaging:24.1.0] AndroidManifest.xml:58:17-122
105                android:value="com.google.firebase.components.ComponentRegistrar" />
105-->[com.google.firebase:firebase-messaging:24.1.0] AndroidManifest.xml:59:17-82
106            <meta-data
106-->[com.google.firebase:firebase-messaging:24.1.0] AndroidManifest.xml:60:13-62:85
107                android:name="com.google.firebase.components:com.google.firebase.messaging.FirebaseMessagingRegistrar"
107-->[com.google.firebase:firebase-messaging:24.1.0] AndroidManifest.xml:61:17-119
108                android:value="com.google.firebase.components.ComponentRegistrar" />
108-->[com.google.firebase:firebase-messaging:24.1.0] AndroidManifest.xml:62:17-82
109            <meta-data
109-->[com.google.firebase:firebase-installations:18.0.0] AndroidManifest.xml:15:13-17:85
110                android:name="com.google.firebase.components:com.google.firebase.installations.FirebaseInstallationsKtxRegistrar"
110-->[com.google.firebase:firebase-installations:18.0.0] AndroidManifest.xml:16:17-130
111                android:value="com.google.firebase.components.ComponentRegistrar" />
111-->[com.google.firebase:firebase-installations:18.0.0] AndroidManifest.xml:17:17-82
112            <meta-data
112-->[com.google.firebase:firebase-installations:18.0.0] AndroidManifest.xml:18:13-20:85
113                android:name="com.google.firebase.components:com.google.firebase.installations.FirebaseInstallationsRegistrar"
113-->[com.google.firebase:firebase-installations:18.0.0] AndroidManifest.xml:19:17-127
114                android:value="com.google.firebase.components.ComponentRegistrar" />
114-->[com.google.firebase:firebase-installations:18.0.0] AndroidManifest.xml:20:17-82
115            <meta-data
115-->[com.google.firebase:firebase-common-ktx:21.0.0] AndroidManifest.xml:12:13-14:85
116                android:name="com.google.firebase.components:com.google.firebase.ktx.FirebaseCommonLegacyRegistrar"
116-->[com.google.firebase:firebase-common-ktx:21.0.0] AndroidManifest.xml:13:17-116
117                android:value="com.google.firebase.components.ComponentRegistrar" />
117-->[com.google.firebase:firebase-common-ktx:21.0.0] AndroidManifest.xml:14:17-82
118            <meta-data
118-->[com.google.firebase:firebase-common:21.0.0] AndroidManifest.xml:35:13-37:85
119                android:name="com.google.firebase.components:com.google.firebase.FirebaseCommonKtxRegistrar"
119-->[com.google.firebase:firebase-common:21.0.0] AndroidManifest.xml:36:17-109
120                android:value="com.google.firebase.components.ComponentRegistrar" />
120-->[com.google.firebase:firebase-common:21.0.0] AndroidManifest.xml:37:17-82
121            <meta-data
121-->[com.google.firebase:firebase-datatransport:18.2.0] AndroidManifest.xml:25:13-27:85
122                android:name="com.google.firebase.components:com.google.firebase.datatransport.TransportRegistrar"
122-->[com.google.firebase:firebase-datatransport:18.2.0] AndroidManifest.xml:26:17-115
123                android:value="com.google.firebase.components.ComponentRegistrar" />
123-->[com.google.firebase:firebase-datatransport:18.2.0] AndroidManifest.xml:27:17-82
124        </service>
125
126        <provider
126-->[:firebase_messaging] AndroidManifest.xml:43:9-47:38
127            android:name="io.flutter.plugins.firebase.messaging.FlutterFirebaseMessagingInitProvider"
127-->[:firebase_messaging] AndroidManifest.xml:44:13-102
128            android:authorities="com.babushahi.punjabi.flutterfirebasemessaginginitprovider"
128-->[:firebase_messaging] AndroidManifest.xml:45:13-88
129            android:exported="false"
129-->[:firebase_messaging] AndroidManifest.xml:46:13-37
130            android:initOrder="99" />
130-->[:firebase_messaging] AndroidManifest.xml:47:13-35
131        <!--
132           Declares a provider which allows us to store files to share in
133           '.../caches/share_plus' and grant the receiving action access
134        -->
135        <provider
135-->[:share_plus] AndroidManifest.xml:15:9-23:20
136            android:name="dev.fluttercommunity.plus.share.ShareFileProvider"
136-->[:share_plus] AndroidManifest.xml:16:13-77
137            android:authorities="com.babushahi.punjabi.flutter.share_provider"
137-->[:share_plus] AndroidManifest.xml:17:13-74
138            android:exported="false"
138-->[:share_plus] AndroidManifest.xml:18:13-37
139            android:grantUriPermissions="true" >
139-->[:share_plus] AndroidManifest.xml:19:13-47
140            <meta-data
140-->[:share_plus] AndroidManifest.xml:20:13-22:68
141                android:name="android.support.FILE_PROVIDER_PATHS"
141-->[:share_plus] AndroidManifest.xml:21:17-67
142                android:resource="@xml/flutter_share_file_paths" />
142-->[:share_plus] AndroidManifest.xml:22:17-65
143        </provider>
144        <!--
145           This manifest declared broadcast receiver allows us to use an explicit
146           Intent when creating a PendingItent to be informed of the user's choice
147        -->
148        <receiver
148-->[:share_plus] AndroidManifest.xml:28:9-34:20
149            android:name="dev.fluttercommunity.plus.share.SharePlusPendingIntent"
149-->[:share_plus] AndroidManifest.xml:29:13-82
150            android:exported="false" >
150-->[:share_plus] AndroidManifest.xml:30:13-37
151            <intent-filter>
151-->[:share_plus] AndroidManifest.xml:31:13-33:29
152                <action android:name="EXTRA_CHOSEN_COMPONENT" />
152-->[:share_plus] AndroidManifest.xml:32:17-65
152-->[:share_plus] AndroidManifest.xml:32:25-62
153            </intent-filter>
154        </receiver>
155
156        <activity
156-->[:url_launcher_android] AndroidManifest.xml:10:9-13:74
157            android:name="io.flutter.plugins.urllauncher.WebViewActivity"
157-->[:url_launcher_android] AndroidManifest.xml:11:13-74
158            android:exported="false"
158-->[:url_launcher_android] AndroidManifest.xml:12:13-37
159            android:theme="@android:style/Theme.NoTitleBar.Fullscreen" />
159-->[:url_launcher_android] AndroidManifest.xml:13:13-71
160
161        <uses-library
161-->[androidx.window:window:1.2.0] AndroidManifest.xml:23:9-25:40
162            android:name="androidx.window.extensions"
162-->[androidx.window:window:1.2.0] AndroidManifest.xml:24:13-54
163            android:required="false" />
163-->[androidx.window:window:1.2.0] AndroidManifest.xml:25:13-37
164        <uses-library
164-->[androidx.window:window:1.2.0] AndroidManifest.xml:26:9-28:40
165            android:name="androidx.window.sidecar"
165-->[androidx.window:window:1.2.0] AndroidManifest.xml:27:13-51
166            android:required="false" />
166-->[androidx.window:window:1.2.0] AndroidManifest.xml:28:13-37
167
168        <receiver
168-->[com.google.firebase:firebase-messaging:24.1.0] AndroidManifest.xml:29:9-40:20
169            android:name="com.google.firebase.iid.FirebaseInstanceIdReceiver"
169-->[com.google.firebase:firebase-messaging:24.1.0] AndroidManifest.xml:30:13-78
170            android:exported="true"
170-->[com.google.firebase:firebase-messaging:24.1.0] AndroidManifest.xml:31:13-36
171            android:permission="com.google.android.c2dm.permission.SEND" >
171-->[com.google.firebase:firebase-messaging:24.1.0] AndroidManifest.xml:32:13-73
172            <intent-filter>
172-->[:firebase_messaging] AndroidManifest.xml:32:13-34:29
173                <action android:name="com.google.android.c2dm.intent.RECEIVE" />
173-->[:firebase_messaging] AndroidManifest.xml:33:17-81
173-->[:firebase_messaging] AndroidManifest.xml:33:25-78
174            </intent-filter>
175
176            <meta-data
176-->[com.google.firebase:firebase-messaging:24.1.0] AndroidManifest.xml:37:13-39:40
177                android:name="com.google.android.gms.cloudmessaging.FINISHED_AFTER_HANDLED"
177-->[com.google.firebase:firebase-messaging:24.1.0] AndroidManifest.xml:38:17-92
178                android:value="true" />
178-->[com.google.firebase:firebase-messaging:24.1.0] AndroidManifest.xml:39:17-37
179        </receiver>
180        <!--
181             FirebaseMessagingService performs security checks at runtime,
182             but set to not exported to explicitly avoid allowing another app to call it.
183        -->
184        <service
184-->[com.google.firebase:firebase-messaging:24.1.0] AndroidManifest.xml:46:9-53:19
185            android:name="com.google.firebase.messaging.FirebaseMessagingService"
185-->[com.google.firebase:firebase-messaging:24.1.0] AndroidManifest.xml:47:13-82
186            android:directBootAware="true"
186-->[com.google.firebase:firebase-messaging:24.1.0] AndroidManifest.xml:48:13-43
187            android:exported="false" >
187-->[com.google.firebase:firebase-messaging:24.1.0] AndroidManifest.xml:49:13-37
188            <intent-filter android:priority="-500" >
188-->[:firebase_messaging] AndroidManifest.xml:23:13-25:29
189                <action android:name="com.google.firebase.MESSAGING_EVENT" />
189-->[:firebase_messaging] AndroidManifest.xml:24:17-78
189-->[:firebase_messaging] AndroidManifest.xml:24:25-75
190            </intent-filter>
191        </service>
192
193        <activity
193-->[com.google.android.gms:play-services-base:18.0.1] AndroidManifest.xml:20:9-22:45
194            android:name="com.google.android.gms.common.api.GoogleApiActivity"
194-->[com.google.android.gms:play-services-base:18.0.1] AndroidManifest.xml:20:19-85
195            android:exported="false"
195-->[com.google.android.gms:play-services-base:18.0.1] AndroidManifest.xml:22:19-43
196            android:theme="@android:style/Theme.Translucent.NoTitleBar" />
196-->[com.google.android.gms:play-services-base:18.0.1] AndroidManifest.xml:21:19-78
197
198        <provider
198-->[com.google.firebase:firebase-common:21.0.0] AndroidManifest.xml:23:9-28:39
199            android:name="com.google.firebase.provider.FirebaseInitProvider"
199-->[com.google.firebase:firebase-common:21.0.0] AndroidManifest.xml:24:13-77
200            android:authorities="com.babushahi.punjabi.firebaseinitprovider"
200-->[com.google.firebase:firebase-common:21.0.0] AndroidManifest.xml:25:13-72
201            android:directBootAware="true"
201-->[com.google.firebase:firebase-common:21.0.0] AndroidManifest.xml:26:13-43
202            android:exported="false"
202-->[com.google.firebase:firebase-common:21.0.0] AndroidManifest.xml:27:13-37
203            android:initOrder="100" />
203-->[com.google.firebase:firebase-common:21.0.0] AndroidManifest.xml:28:13-36
204        <provider
204-->[androidx.lifecycle:lifecycle-process:2.7.0] AndroidManifest.xml:24:9-32:20
205            android:name="androidx.startup.InitializationProvider"
205-->[androidx.lifecycle:lifecycle-process:2.7.0] AndroidManifest.xml:25:13-67
206            android:authorities="com.babushahi.punjabi.androidx-startup"
206-->[androidx.lifecycle:lifecycle-process:2.7.0] AndroidManifest.xml:26:13-68
207            android:exported="false" >
207-->[androidx.lifecycle:lifecycle-process:2.7.0] AndroidManifest.xml:27:13-37
208            <meta-data
208-->[androidx.lifecycle:lifecycle-process:2.7.0] AndroidManifest.xml:29:13-31:52
209                android:name="androidx.lifecycle.ProcessLifecycleInitializer"
209-->[androidx.lifecycle:lifecycle-process:2.7.0] AndroidManifest.xml:30:17-78
210                android:value="androidx.startup" />
210-->[androidx.lifecycle:lifecycle-process:2.7.0] AndroidManifest.xml:31:17-49
211            <meta-data
211-->[androidx.profileinstaller:profileinstaller:1.3.1] AndroidManifest.xml:29:13-31:52
212                android:name="androidx.profileinstaller.ProfileInstallerInitializer"
212-->[androidx.profileinstaller:profileinstaller:1.3.1] AndroidManifest.xml:30:17-85
213                android:value="androidx.startup" />
213-->[androidx.profileinstaller:profileinstaller:1.3.1] AndroidManifest.xml:31:17-49
214        </provider>
215
216        <meta-data
216-->[com.google.android.gms:play-services-basement:18.3.0] AndroidManifest.xml:21:9-23:69
217            android:name="com.google.android.gms.version"
217-->[com.google.android.gms:play-services-basement:18.3.0] AndroidManifest.xml:22:13-58
218            android:value="@integer/google_play_services_version" />
218-->[com.google.android.gms:play-services-basement:18.3.0] AndroidManifest.xml:23:13-66
219
220        <receiver
220-->[androidx.profileinstaller:profileinstaller:1.3.1] AndroidManifest.xml:34:9-52:20
221            android:name="androidx.profileinstaller.ProfileInstallReceiver"
221-->[androidx.profileinstaller:profileinstaller:1.3.1] AndroidManifest.xml:35:13-76
222            android:directBootAware="false"
222-->[androidx.profileinstaller:profileinstaller:1.3.1] AndroidManifest.xml:36:13-44
223            android:enabled="true"
223-->[androidx.profileinstaller:profileinstaller:1.3.1] AndroidManifest.xml:37:13-35
224            android:exported="true"
224-->[androidx.profileinstaller:profileinstaller:1.3.1] AndroidManifest.xml:38:13-36
225            android:permission="android.permission.DUMP" >
225-->[androidx.profileinstaller:profileinstaller:1.3.1] AndroidManifest.xml:39:13-57
226            <intent-filter>
226-->[androidx.profileinstaller:profileinstaller:1.3.1] AndroidManifest.xml:40:13-42:29
227                <action android:name="androidx.profileinstaller.action.INSTALL_PROFILE" />
227-->[androidx.profileinstaller:profileinstaller:1.3.1] AndroidManifest.xml:41:17-91
227-->[androidx.profileinstaller:profileinstaller:1.3.1] AndroidManifest.xml:41:25-88
228            </intent-filter>
229            <intent-filter>
229-->[androidx.profileinstaller:profileinstaller:1.3.1] AndroidManifest.xml:43:13-45:29
230                <action android:name="androidx.profileinstaller.action.SKIP_FILE" />
230-->[androidx.profileinstaller:profileinstaller:1.3.1] AndroidManifest.xml:44:17-85
230-->[androidx.profileinstaller:profileinstaller:1.3.1] AndroidManifest.xml:44:25-82
231            </intent-filter>
232            <intent-filter>
232-->[androidx.profileinstaller:profileinstaller:1.3.1] AndroidManifest.xml:46:13-48:29
233                <action android:name="androidx.profileinstaller.action.SAVE_PROFILE" />
233-->[androidx.profileinstaller:profileinstaller:1.3.1] AndroidManifest.xml:47:17-88
233-->[androidx.profileinstaller:profileinstaller:1.3.1] AndroidManifest.xml:47:25-85
234            </intent-filter>
235            <intent-filter>
235-->[androidx.profileinstaller:profileinstaller:1.3.1] AndroidManifest.xml:49:13-51:29
236                <action android:name="androidx.profileinstaller.action.BENCHMARK_OPERATION" />
236-->[androidx.profileinstaller:profileinstaller:1.3.1] AndroidManifest.xml:50:17-95
236-->[androidx.profileinstaller:profileinstaller:1.3.1] AndroidManifest.xml:50:25-92
237            </intent-filter>
238        </receiver>
239
240        <service
240-->[com.google.android.datatransport:transport-backend-cct:3.1.9] AndroidManifest.xml:28:9-34:19
241            android:name="com.google.android.datatransport.runtime.backends.TransportBackendDiscovery"
241-->[com.google.android.datatransport:transport-backend-cct:3.1.9] AndroidManifest.xml:29:13-103
242            android:exported="false" >
242-->[com.google.android.datatransport:transport-backend-cct:3.1.9] AndroidManifest.xml:30:13-37
243            <meta-data
243-->[com.google.android.datatransport:transport-backend-cct:3.1.9] AndroidManifest.xml:31:13-33:39
244                android:name="backend:com.google.android.datatransport.cct.CctBackendFactory"
244-->[com.google.android.datatransport:transport-backend-cct:3.1.9] AndroidManifest.xml:32:17-94
245                android:value="cct" />
245-->[com.google.android.datatransport:transport-backend-cct:3.1.9] AndroidManifest.xml:33:17-36
246        </service>
247        <service
247-->[com.google.android.datatransport:transport-runtime:3.1.9] AndroidManifest.xml:26:9-30:19
248            android:name="com.google.android.datatransport.runtime.scheduling.jobscheduling.JobInfoSchedulerService"
248-->[com.google.android.datatransport:transport-runtime:3.1.9] AndroidManifest.xml:27:13-117
249            android:exported="false"
249-->[com.google.android.datatransport:transport-runtime:3.1.9] AndroidManifest.xml:28:13-37
250            android:permission="android.permission.BIND_JOB_SERVICE" >
250-->[com.google.android.datatransport:transport-runtime:3.1.9] AndroidManifest.xml:29:13-69
251        </service>
252
253        <receiver
253-->[com.google.android.datatransport:transport-runtime:3.1.9] AndroidManifest.xml:32:9-34:40
254            android:name="com.google.android.datatransport.runtime.scheduling.jobscheduling.AlarmManagerSchedulerBroadcastReceiver"
254-->[com.google.android.datatransport:transport-runtime:3.1.9] AndroidManifest.xml:33:13-132
255            android:exported="false" />
255-->[com.google.android.datatransport:transport-runtime:3.1.9] AndroidManifest.xml:34:13-37
256    </application>
257
258</manifest>